<?xml version="1.0" encoding="UTF-8"?>
<!-- Generated by org.testng.reporters.JUnitReportReporter -->
<testsuite hostname="DESKTOP-H3BL2K3" failures="0" tests="1" name="ResponsiveEDPractice.Test1" time="9.617" errors="0" timestamp="2024-01-25T11:40:18 IST" skipped="0">
  <testcase classname="ResponsiveEDPractice.Test1" name="tests" time="9.617"/>
  <system-out/>
</testsuite> <!-- ResponsiveEDPractice.Test1 -->
