<?xml version="1.0" encoding="UTF-8"?>
<!-- Generated by org.testng.reporters.JUnitReportReporter -->
<testsuite hostname="DESKTOP-H3BL2K3" failures="0" tests="1" name="ResponsiveEDUserManagementTestScript.UserManagementDropDwnHandle" time="26.883" errors="0" timestamp="2024-01-25T11:51:39 IST" skipped="0">
  <testcase classname="ResponsiveEDUserManagementTestScript.UserManagementDropDwnHandle" name="UserManagementAllDropDwnHandle" time="26.883"/>
  <system-out/>
</testsuite> <!-- ResponsiveEDUserManagementTestScript.UserManagementDropDwnHandle -->
