<?xml version="1.0" encoding="UTF-8"?>
<!-- Generated by org.testng.reporters.JUnitReportReporter -->
<testsuite hostname="SRINIVAS" failures="0" tests="1" name="test55.allDropDown" time="24.504" errors="0" timestamp="2023-12-14T10:11:09 IST" skipped="0">
  <testcase classname="test55.allDropDown" name="allDropDownsHandlingGoButton" time="24.504"/>
  <system-out/>
</testsuite> <!-- test55.allDropDown -->
