<?xml version="1.0" encoding="UTF-8"?>
<!-- Generated by org.testng.reporters.JUnitReportReporter -->
<testsuite hostname="DESKTOP-H3BL2K3" failures="0" tests="1" name="ResponsiveEDUserManagementTestScript.viewParticularUserDetails" time="45.621" errors="0" timestamp="2024-01-25T12:03:41 IST" skipped="0">
  <testcase classname="ResponsiveEDUserManagementTestScript.viewParticularUserDetails" name="viewUserDetails" time="45.621"/>
  <system-out/>
</testsuite> <!-- ResponsiveEDUserManagementTestScript.viewParticularUserDetails -->
