<?xml version="1.0" encoding="UTF-8"?>
<!-- Generated by org.testng.reporters.JUnitReportReporter -->
<testsuite hostname="DESKTOP-H3BL2K3" failures="0" tests="1" name="ResponsiveEDUserManagementTestScript.SearchForAParticularUser" time="41.273" errors="0" timestamp="2024-01-25T11:51:39 IST" skipped="0">
  <testcase classname="ResponsiveEDUserManagementTestScript.SearchForAParticularUser" name="SearchForParticularUser" time="41.273"/>
  <system-out/>
</testsuite> <!-- ResponsiveEDUserManagementTestScript.SearchForAParticularUser -->
